\BOOKMARK [0][-]{chapter.1}{\376\377\0001\000\040\000H\000i\000e\000r\000a\000r\000c\000h\000i\000c\000a\000l\000\040\000I\000n\000d\000e\000x}{}% 1
\BOOKMARK [1][-]{section.1.1}{\376\377\0001\000.\0001\000\040\000C\000l\000a\000s\000s\000\040\000H\000i\000e\000r\000a\000r\000c\000h\000y}{chapter.1}% 2
\BOOKMARK [0][-]{chapter.2}{\376\377\0002\000\040\000C\000l\000a\000s\000s\000\040\000I\000n\000d\000e\000x}{}% 3
\BOOKMARK [1][-]{section.2.1}{\376\377\0002\000.\0001\000\040\000C\000l\000a\000s\000s\000\040\000L\000i\000s\000t}{chapter.2}% 4
\BOOKMARK [0][-]{chapter.3}{\376\377\0003\000\040\000C\000l\000a\000s\000s\000\040\000D\000o\000c\000u\000m\000e\000n\000t\000a\000t\000i\000o\000n}{}% 5
\BOOKMARK [1][-]{section.3.1}{\376\377\0003\000.\0001\000\040\000F\000P\000G\000r\000a\000p\000h\000i\000c\000:\000:\000\137\000\137\000g\000F\000l\000a\000g\000s\000\040\000S\000t\000r\000u\000c\000t\000\040\000R\000e\000f\000e\000r\000e\000n\000c\000e}{chapter.3}% 6
\BOOKMARK [1][-]{section.3.2}{\376\377\0003\000.\0002\000\040\000A\000O\000S\000e\000g\000m\000e\000n\000t\000e\000d\000C\000o\000n\000t\000r\000o\000l\000\040\000C\000l\000a\000s\000s\000\040\000R\000e\000f\000e\000r\000e\000n\000c\000e}{chapter.3}% 7
\BOOKMARK [1][-]{section.3.3}{\376\377\0003\000.\0003\000\040\000A\000p\000p\000D\000e\000l\000e\000g\000a\000t\000e\000\040\000C\000l\000a\000s\000s\000\040\000R\000e\000f\000e\000r\000e\000n\000c\000e}{chapter.3}% 8
\BOOKMARK [1][-]{section.3.4}{\376\377\0003\000.\0004\000\040\000F\000P\000A\000r\000c\000h\000i\000v\000a\000l\000D\000i\000c\000t\000i\000o\000n\000a\000r\000y\000U\000p\000g\000r\000a\000d\000e\000r\000\040\000C\000l\000a\000s\000s\000\040\000R\000e\000f\000e\000r\000e\000n\000c\000e}{chapter.3}% 9
\BOOKMARK [1][-]{section.3.5}{\376\377\0003\000.\0005\000\040\000F\000P\000C\000h\000e\000c\000k\000m\000a\000r\000k\000\040\000C\000l\000a\000s\000s\000\040\000R\000e\000f\000e\000r\000e\000n\000c\000e}{chapter.3}% 10
\BOOKMARK [1][-]{section.3.6}{\376\377\0003\000.\0006\000\040\000F\000P\000D\000o\000c\000u\000m\000e\000n\000t\000V\000i\000e\000w\000\040\000C\000l\000a\000s\000s\000\040\000R\000e\000f\000e\000r\000e\000n\000c\000e}{chapter.3}% 11
\BOOKMARK [1][-]{section.3.7}{\376\377\0003\000.\0007\000\040\000F\000P\000D\000o\000c\000u\000m\000e\000n\000t\000W\000i\000n\000d\000o\000w\000\040\000C\000l\000a\000s\000s\000\040\000R\000e\000f\000e\000r\000e\000n\000c\000e}{chapter.3}% 12
\BOOKMARK [1][-]{section.3.8}{\376\377\0003\000.\0008\000\040\000F\000P\000E\000l\000l\000i\000p\000s\000e\000\040\000C\000l\000a\000s\000s\000\040\000R\000e\000f\000e\000r\000e\000n\000c\000e}{chapter.3}% 13
\BOOKMARK [1][-]{section.3.9}{\376\377\0003\000.\0009\000\040\000F\000P\000G\000r\000a\000p\000h\000i\000c\000\040\000C\000l\000a\000s\000s\000\040\000R\000e\000f\000e\000r\000e\000n\000c\000e}{chapter.3}% 14
\BOOKMARK [1][-]{section.3.10}{\376\377\0003\000.\0001\0000\000\040\000F\000P\000I\000m\000a\000g\000e\000\040\000C\000l\000a\000s\000s\000\040\000R\000e\000f\000e\000r\000e\000n\000c\000e}{chapter.3}% 15
\BOOKMARK [1][-]{section.3.11}{\376\377\0003\000.\0001\0001\000\040\000F\000P\000I\000n\000s\000p\000e\000c\000t\000o\000r\000C\000o\000n\000t\000r\000o\000l\000l\000e\000r\000\040\000C\000l\000a\000s\000s\000\040\000R\000e\000f\000e\000r\000e\000n\000c\000e}{chapter.3}% 16
\BOOKMARK [1][-]{section.3.12}{\376\377\0003\000.\0001\0002\000\040\000F\000P\000N\000o\000n\000M\000a\000i\000n\000W\000i\000n\000d\000o\000w\000\040\000C\000l\000a\000s\000s\000\040\000R\000e\000f\000e\000r\000e\000n\000c\000e}{chapter.3}% 17
\BOOKMARK [1][-]{section.3.13}{\376\377\0003\000.\0001\0003\000\040\000F\000P\000R\000e\000c\000t\000a\000n\000g\000l\000e\000\040\000C\000l\000a\000s\000s\000\040\000R\000e\000f\000e\000r\000e\000n\000c\000e}{chapter.3}% 18
\BOOKMARK [1][-]{section.3.14}{\376\377\0003\000.\0001\0004\000\040\000F\000P\000S\000q\000u\000i\000g\000g\000l\000e\000\040\000C\000l\000a\000s\000s\000\040\000R\000e\000f\000e\000r\000e\000n\000c\000e}{chapter.3}% 19
\BOOKMARK [1][-]{section.3.15}{\376\377\0003\000.\0001\0005\000\040\000F\000P\000T\000e\000x\000t\000A\000r\000e\000a\000\040\000C\000l\000a\000s\000s\000\040\000R\000e\000f\000e\000r\000e\000n\000c\000e}{chapter.3}% 20
\BOOKMARK [1][-]{section.3.16}{\376\377\0003\000.\0001\0006\000\040\000F\000P\000T\000e\000x\000t\000A\000r\000e\000a\000B\000\040\000C\000l\000a\000s\000s\000\040\000R\000e\000f\000e\000r\000e\000n\000c\000e}{chapter.3}% 21
\BOOKMARK [1][-]{section.3.17}{\376\377\0003\000.\0001\0007\000\040\000F\000P\000T\000i\000p\000s\000C\000o\000n\000t\000r\000o\000l\000l\000e\000r\000\040\000C\000l\000a\000s\000s\000\040\000R\000e\000f\000e\000r\000e\000n\000c\000e}{chapter.3}% 22
\BOOKMARK [1][-]{section.3.18}{\376\377\0003\000.\0001\0008\000\040\000F\000P\000T\000o\000o\000l\000P\000a\000l\000e\000t\000t\000e\000C\000o\000n\000t\000r\000o\000l\000l\000e\000r\000\040\000C\000l\000a\000s\000s\000\040\000R\000e\000f\000e\000r\000e\000n\000c\000e}{chapter.3}% 23
\BOOKMARK [1][-]{section.3.19}{\376\377\0003\000.\0001\0009\000\040\000M\000y\000D\000o\000c\000u\000m\000e\000n\000t\000\040\000C\000l\000a\000s\000s\000\040\000R\000e\000f\000e\000r\000e\000n\000c\000e}{chapter.3}% 24
\BOOKMARK [1][-]{section.3.20}{\376\377\0003\000.\0002\0000\000\040\000M\000y\000D\000o\000c\000u\000m\000e\000n\000t\000\050\000P\000r\000i\000v\000a\000t\000e\000\051\000\040\000C\000a\000t\000e\000g\000o\000r\000y\000\040\000R\000e\000f\000e\000r\000e\000n\000c\000e}{chapter.3}% 25
\BOOKMARK [1][-]{section.3.21}{\376\377\0003\000.\0002\0001\000\040\000N\000S\000M\000u\000t\000a\000b\000l\000e\000D\000i\000c\000t\000i\000o\000n\000a\000r\000y\000\050\000N\000S\000M\000u\000t\000a\000b\000l\000e\000D\000i\000c\000t\000i\000o\000n\000a\000r\000y\000A\000d\000d\000i\000t\000i\000o\000n\000s\000\051\000\040\000C\000a\000t\000e\000g\000o\000r\000y\000\040\000R\000e\000f\000e\000r\000e\000n\000c\000e}{chapter.3}% 26
\BOOKMARK [1][-]{section.3.22}{\376\377\0003\000.\0002\0002\000\040\000N\000S\000M\000u\000t\000a\000b\000l\000e\000S\000e\000t\000\050\000N\000S\000M\000u\000t\000a\000b\000l\000e\000S\000e\000t\000A\000d\000d\000i\000t\000i\000o\000n\000s\000\051\000\040\000C\000a\000t\000e\000g\000o\000r\000y\000\040\000R\000e\000f\000e\000r\000e\000n\000c\000e}{chapter.3}% 27
\BOOKMARK [1][-]{section.3.23}{\376\377\0003\000.\0002\0003\000\040\000N\000S\000O\000b\000j\000e\000c\000t\000\050\000S\000U\000A\000p\000p\000c\000a\000s\000t\000D\000e\000l\000e\000g\000a\000t\000e\000\051\000\040\000C\000a\000t\000e\000g\000o\000r\000y\000\040\000R\000e\000f\000e\000r\000e\000n\000c\000e}{chapter.3}% 28
\BOOKMARK [1][-]{section.3.24}{\376\377\0003\000.\0002\0004\000\040\000N\000S\000O\000b\000j\000e\000c\000t\000\050\000S\000U\000A\000u\000t\000o\000m\000a\000t\000i\000c\000U\000p\000d\000a\000t\000e\000A\000l\000e\000r\000t\000D\000e\000l\000e\000g\000a\000t\000e\000P\000r\000o\000t\000o\000c\000o\000l\000\051\000\040\000C\000a\000t\000e\000g\000o\000r\000y\000\040\000R\000e\000f\000e\000r\000e\000n\000c\000e}{chapter.3}% 29
\BOOKMARK [1][-]{section.3.25}{\376\377\0003\000.\0002\0005\000\040\000N\000S\000O\000b\000j\000e\000c\000t\000\050\000S\000U\000I\000n\000s\000t\000a\000l\000l\000e\000r\000D\000e\000l\000e\000g\000a\000t\000e\000I\000n\000f\000o\000r\000m\000a\000l\000P\000r\000o\000t\000o\000c\000o\000l\000\051\000\040\000C\000a\000t\000e\000g\000o\000r\000y\000\040\000R\000e\000f\000e\000r\000e\000n\000c\000e}{chapter.3}% 30
\BOOKMARK [1][-]{section.3.26}{\376\377\0003\000.\0002\0006\000\040\000N\000S\000O\000b\000j\000e\000c\000t\000\050\000S\000U\000U\000n\000a\000r\000c\000h\000i\000v\000e\000r\000D\000e\000l\000e\000g\000a\000t\000e\000\051\000\040\000C\000a\000t\000e\000g\000o\000r\000y\000\040\000R\000e\000f\000e\000r\000e\000n\000c\000e}{chapter.3}% 31
\BOOKMARK [1][-]{section.3.27}{\376\377\0003\000.\0002\0007\000\040\000N\000S\000O\000b\000j\000e\000c\000t\000\050\000S\000U\000U\000p\000d\000a\000t\000e\000A\000l\000e\000r\000t\000D\000e\000l\000e\000g\000a\000t\000e\000\051\000\040\000C\000a\000t\000e\000g\000o\000r\000y\000\040\000R\000e\000f\000e\000r\000e\000n\000c\000e}{chapter.3}% 32
\BOOKMARK [1][-]{section.3.28}{\376\377\0003\000.\0002\0008\000\040\000N\000S\000O\000b\000j\000e\000c\000t\000\050\000S\000U\000U\000p\000d\000a\000t\000e\000P\000e\000r\000m\000i\000s\000s\000i\000o\000n\000P\000r\000o\000m\000p\000t\000D\000e\000l\000e\000g\000a\000t\000e\000I\000n\000f\000o\000r\000m\000a\000l\000P\000r\000o\000t\000o\000c\000o\000l\000\051\000\040\000C\000a\000t\000e\000g\000o\000r\000y\000\040\000R\000e\000f\000e\000r\000e\000n\000c\000e}{chapter.3}% 33
\BOOKMARK [1][-]{section.3.29}{\376\377\0003\000.\0002\0009\000\040\000N\000S\000O\000b\000j\000e\000c\000t\000\050\000S\000U\000U\000p\000d\000a\000t\000e\000r\000D\000e\000l\000e\000g\000a\000t\000e\000I\000n\000f\000o\000r\000m\000a\000l\000P\000r\000o\000t\000o\000c\000o\000l\000\051\000\040\000C\000a\000t\000e\000g\000o\000r\000y\000\040\000R\000e\000f\000e\000r\000e\000n\000c\000e}{chapter.3}% 34
\BOOKMARK [1][-]{section.3.30}{\376\377\0003\000.\0003\0000\000\040\000N\000S\000S\000e\000g\000m\000e\000n\000t\000e\000d\000C\000e\000l\000l\000\050\000P\000r\000i\000v\000a\000t\000e\000\051\000\040\000C\000a\000t\000e\000g\000o\000r\000y\000\040\000R\000e\000f\000e\000r\000e\000n\000c\000e}{chapter.3}% 35
\BOOKMARK [1][-]{section.3.31}{\376\377\0003\000.\0003\0001\000\040\000N\000T\000S\000y\000n\000c\000h\000r\000o\000n\000o\000u\000s\000T\000a\000s\000k\000\040\000C\000l\000a\000s\000s\000\040\000R\000e\000f\000e\000r\000e\000n\000c\000e}{chapter.3}% 36
\BOOKMARK [1][-]{section.3.32}{\376\377\0003\000.\0003\0002\000\040\000N\000T\000S\000y\000n\000c\000h\000r\000o\000n\000o\000u\000s\000T\000a\000s\000k\000\050\000N\000o\000t\000i\000f\000i\000c\000a\000t\000i\000o\000n\000s\000\051\000\040\000C\000a\000t\000e\000g\000o\000r\000y\000\040\000R\000e\000f\000e\000r\000e\000n\000c\000e}{chapter.3}% 37
\BOOKMARK [1][-]{section.3.33}{\376\377\0003\000.\0003\0003\000\040\000N\000T\000S\000y\000n\000c\000h\000r\000o\000n\000o\000u\000s\000T\000a\000s\000k\000\050\000P\000r\000i\000v\000a\000t\000e\000\051\000\040\000C\000a\000t\000e\000g\000o\000r\000y\000\040\000R\000e\000f\000e\000r\000e\000n\000c\000e}{chapter.3}% 38
\BOOKMARK [1][-]{section.3.34}{\376\377\0003\000.\0003\0004\000\040\000S\000U\000A\000p\000p\000c\000a\000s\000t\000\040\000C\000l\000a\000s\000s\000\040\000R\000e\000f\000e\000r\000e\000n\000c\000e}{chapter.3}% 39
\BOOKMARK [1][-]{section.3.35}{\376\377\0003\000.\0003\0005\000\040\000S\000U\000A\000p\000p\000c\000a\000s\000t\000\050\000P\000r\000i\000v\000a\000t\000e\000\051\000\040\000C\000a\000t\000e\000g\000o\000r\000y\000\040\000R\000e\000f\000e\000r\000e\000n\000c\000e}{chapter.3}% 40
\BOOKMARK [1][-]{section.3.36}{\376\377\0003\000.\0003\0006\000\040\000S\000U\000A\000p\000p\000c\000a\000s\000t\000I\000t\000e\000m\000\040\000C\000l\000a\000s\000s\000\040\000R\000e\000f\000e\000r\000e\000n\000c\000e}{chapter.3}% 41
\BOOKMARK [1][-]{section.3.37}{\376\377\0003\000.\0003\0007\000\040\000S\000U\000A\000u\000t\000o\000m\000a\000t\000i\000c\000U\000p\000d\000a\000t\000e\000A\000l\000e\000r\000t\000\040\000C\000l\000a\000s\000s\000\040\000R\000e\000f\000e\000r\000e\000n\000c\000e}{chapter.3}% 42
\BOOKMARK [1][-]{section.3.38}{\376\377\0003\000.\0003\0008\000\040\000S\000U\000A\000u\000t\000o\000m\000a\000t\000i\000c\000U\000p\000d\000a\000t\000e\000D\000r\000i\000v\000e\000r\000\040\000C\000l\000a\000s\000s\000\040\000R\000e\000f\000e\000r\000e\000n\000c\000e}{chapter.3}% 43
\BOOKMARK [1][-]{section.3.39}{\376\377\0003\000.\0003\0009\000\040\000S\000U\000B\000a\000s\000i\000c\000U\000p\000d\000a\000t\000e\000D\000r\000i\000v\000e\000r\000\040\000C\000l\000a\000s\000s\000\040\000R\000e\000f\000e\000r\000e\000n\000c\000e}{chapter.3}% 44
\BOOKMARK [1][-]{section.3.40}{\376\377\0003\000.\0004\0000\000\040\000S\000U\000D\000i\000s\000k\000I\000m\000a\000g\000e\000U\000n\000a\000r\000c\000h\000i\000v\000e\000r\000\040\000C\000l\000a\000s\000s\000\040\000R\000e\000f\000e\000r\000e\000n\000c\000e}{chapter.3}% 45
\BOOKMARK [1][-]{section.3.41}{\376\377\0003\000.\0004\0001\000\040\000S\000U\000D\000S\000A\000V\000e\000r\000i\000f\000i\000e\000r\000\040\000C\000l\000a\000s\000s\000\040\000R\000e\000f\000e\000r\000e\000n\000c\000e}{chapter.3}% 46
\BOOKMARK [1][-]{section.3.42}{\376\377\0003\000.\0004\0002\000\040\000S\000U\000H\000o\000s\000t\000\040\000C\000l\000a\000s\000s\000\040\000R\000e\000f\000e\000r\000e\000n\000c\000e}{chapter.3}% 47
\BOOKMARK [1][-]{section.3.43}{\376\377\0003\000.\0004\0003\000\040\000S\000U\000I\000n\000s\000t\000a\000l\000l\000e\000r\000\040\000C\000l\000a\000s\000s\000\040\000R\000e\000f\000e\000r\000e\000n\000c\000e}{chapter.3}% 48
\BOOKMARK [1][-]{section.3.44}{\376\377\0003\000.\0004\0004\000\040\000S\000U\000P\000a\000c\000k\000a\000g\000e\000I\000n\000s\000t\000a\000l\000l\000e\000r\000\040\000C\000l\000a\000s\000s\000\040\000R\000e\000f\000e\000r\000e\000n\000c\000e}{chapter.3}% 49
\BOOKMARK [1][-]{section.3.45}{\376\377\0003\000.\0004\0005\000\040\000S\000U\000P\000i\000p\000e\000d\000U\000n\000a\000r\000c\000h\000i\000v\000e\000r\000\040\000C\000l\000a\000s\000s\000\040\000R\000e\000f\000e\000r\000e\000n\000c\000e}{chapter.3}% 50
\BOOKMARK [1][-]{section.3.46}{\376\377\0003\000.\0004\0006\000\040\000S\000U\000P\000l\000a\000i\000n\000I\000n\000s\000t\000a\000l\000l\000e\000r\000\040\000C\000l\000a\000s\000s\000\040\000R\000e\000f\000e\000r\000e\000n\000c\000e}{chapter.3}% 51
\BOOKMARK [1][-]{section.3.47}{\376\377\0003\000.\0004\0007\000\040\000S\000U\000P\000l\000a\000i\000n\000I\000n\000s\000t\000a\000l\000l\000e\000r\000\050\000I\000n\000t\000e\000r\000n\000a\000l\000s\000\051\000\040\000C\000a\000t\000e\000g\000o\000r\000y\000\040\000R\000e\000f\000e\000r\000e\000n\000c\000e}{chapter.3}% 52
\BOOKMARK [1][-]{section.3.48}{\376\377\0003\000.\0004\0008\000\040\000S\000U\000P\000l\000a\000i\000n\000I\000n\000s\000t\000a\000l\000l\000e\000r\000\050\000M\000M\000E\000x\000t\000e\000n\000d\000e\000d\000A\000t\000t\000r\000i\000b\000u\000t\000e\000s\000\051\000\040\000C\000a\000t\000e\000g\000o\000r\000y\000\040\000R\000e\000f\000e\000r\000e\000n\000c\000e}{chapter.3}% 53
\BOOKMARK [1][-]{section.3.49}{\376\377\0003\000.\0004\0009\000\040\000S\000U\000P\000r\000o\000b\000i\000n\000g\000U\000p\000d\000a\000t\000e\000D\000r\000i\000v\000e\000r\000\040\000C\000l\000a\000s\000s\000\040\000R\000e\000f\000e\000r\000e\000n\000c\000e}{chapter.3}% 54
\BOOKMARK [1][-]{section.3.50}{\376\377\0003\000.\0005\0000\000\040\000S\000U\000S\000c\000h\000e\000d\000u\000l\000e\000d\000U\000p\000d\000a\000t\000e\000D\000r\000i\000v\000e\000r\000\040\000C\000l\000a\000s\000s\000\040\000R\000e\000f\000e\000r\000e\000n\000c\000e}{chapter.3}% 55
\BOOKMARK [1][-]{section.3.51}{\376\377\0003\000.\0005\0001\000\040\000S\000U\000S\000t\000a\000n\000d\000a\000r\000d\000V\000e\000r\000s\000i\000o\000n\000C\000o\000m\000p\000a\000r\000a\000t\000o\000r\000\040\000C\000l\000a\000s\000s\000\040\000R\000e\000f\000e\000r\000e\000n\000c\000e}{chapter.3}% 56
\BOOKMARK [2][-]{subsection.3.51.1}{\376\377\0003\000.\0005\0001\000.\0001\000\040\000M\000e\000t\000h\000o\000d\000\040\000D\000o\000c\000u\000m\000e\000n\000t\000a\000t\000i\000o\000n}{section.3.51}% 57
\BOOKMARK [3][-]{subsubsection.3.51.1.1}{\376\377\0003\000.\0005\0001\000.\0001\000.\0001\000\040\000c\000o\000m\000p\000a\000r\000e\000V\000e\000r\000s\000i\000o\000n\000:\000t\000o\000V\000e\000r\000s\000i\000o\000n\000:\000\050\000\051}{subsection.3.51.1}% 58
\BOOKMARK [3][-]{subsubsection.3.51.1.2}{\376\377\0003\000.\0005\0001\000.\0001\000.\0002\000\040\000d\000e\000f\000a\000u\000l\000t\000C\000o\000m\000p\000a\000r\000a\000t\000o\000r\000\050\000\051}{subsection.3.51.1}% 59
\BOOKMARK [1][-]{section.3.52}{\376\377\0003\000.\0005\0002\000\040\000S\000U\000S\000t\000a\000t\000u\000s\000C\000o\000n\000t\000r\000o\000l\000l\000e\000r\000\040\000C\000l\000a\000s\000s\000\040\000R\000e\000f\000e\000r\000e\000n\000c\000e}{chapter.3}% 60
\BOOKMARK [1][-]{section.3.53}{\376\377\0003\000.\0005\0003\000\040\000S\000U\000S\000y\000s\000t\000e\000m\000P\000r\000o\000f\000i\000l\000e\000r\000\040\000C\000l\000a\000s\000s\000\040\000R\000e\000f\000e\000r\000e\000n\000c\000e}{chapter.3}% 61
\BOOKMARK [1][-]{section.3.54}{\376\377\0003\000.\0005\0004\000\040\000S\000U\000U\000I\000B\000a\000s\000e\000d\000U\000p\000d\000a\000t\000e\000D\000r\000i\000v\000e\000r\000\040\000C\000l\000a\000s\000s\000\040\000R\000e\000f\000e\000r\000e\000n\000c\000e}{chapter.3}% 62
\BOOKMARK [1][-]{section.3.55}{\376\377\0003\000.\0005\0005\000\040\000S\000U\000U\000n\000a\000r\000c\000h\000i\000v\000e\000r\000\040\000C\000l\000a\000s\000s\000\040\000R\000e\000f\000e\000r\000e\000n\000c\000e}{chapter.3}% 63
\BOOKMARK [1][-]{section.3.56}{\376\377\0003\000.\0005\0006\000\040\000S\000U\000U\000n\000a\000r\000c\000h\000i\000v\000e\000r\000\050\000P\000r\000i\000v\000a\000t\000e\000\051\000\040\000C\000a\000t\000e\000g\000o\000r\000y\000\040\000R\000e\000f\000e\000r\000e\000n\000c\000e}{chapter.3}% 64
\BOOKMARK [1][-]{section.3.57}{\376\377\0003\000.\0005\0007\000\040\000S\000U\000U\000p\000d\000a\000t\000e\000A\000l\000e\000r\000t\000\040\000C\000l\000a\000s\000s\000\040\000R\000e\000f\000e\000r\000e\000n\000c\000e}{chapter.3}% 65
\BOOKMARK [1][-]{section.3.58}{\376\377\0003\000.\0005\0008\000\040\000S\000U\000U\000p\000d\000a\000t\000e\000D\000r\000i\000v\000e\000r\000\040\000C\000l\000a\000s\000s\000\040\000R\000e\000f\000e\000r\000e\000n\000c\000e}{chapter.3}% 66
\BOOKMARK [1][-]{section.3.59}{\376\377\0003\000.\0005\0009\000\040\000S\000U\000U\000p\000d\000a\000t\000e\000P\000e\000r\000m\000i\000s\000s\000i\000o\000n\000P\000r\000o\000m\000p\000t\000\040\000C\000l\000a\000s\000s\000\040\000R\000e\000f\000e\000r\000e\000n\000c\000e}{chapter.3}% 67
\BOOKMARK [1][-]{section.3.60}{\376\377\0003\000.\0006\0000\000\040\000S\000U\000U\000p\000d\000a\000t\000e\000r\000\040\000C\000l\000a\000s\000s\000\040\000R\000e\000f\000e\000r\000e\000n\000c\000e}{chapter.3}% 68
\BOOKMARK [1][-]{section.3.61}{\376\377\0003\000.\0006\0001\000\040\000S\000U\000U\000p\000d\000a\000t\000e\000r\000\050\000P\000r\000i\000v\000a\000t\000e\000\051\000\040\000C\000a\000t\000e\000g\000o\000r\000y\000\040\000R\000e\000f\000e\000r\000e\000n\000c\000e}{chapter.3}% 69
\BOOKMARK [1][-]{section.3.62}{\376\377\0003\000.\0006\0002\000\040\000S\000U\000U\000s\000e\000r\000I\000n\000i\000t\000i\000a\000t\000e\000d\000U\000p\000d\000a\000t\000e\000D\000r\000i\000v\000e\000r\000\040\000C\000l\000a\000s\000s\000\040\000R\000e\000f\000e\000r\000e\000n\000c\000e}{chapter.3}% 70
\BOOKMARK [1][-]{section.3.63}{\376\377\0003\000.\0006\0003\000\040\000<\000S\000U\000V\000e\000r\000s\000i\000o\000n\000C\000o\000m\000p\000a\000r\000i\000s\000o\000n\000>\000\040\000P\000r\000o\000t\000o\000c\000o\000l\000\040\000R\000e\000f\000e\000r\000e\000n\000c\000e}{chapter.3}% 71
\BOOKMARK [2][-]{subsection.3.63.1}{\376\377\0003\000.\0006\0003\000.\0001\000\040\000M\000e\000t\000h\000o\000d\000\040\000D\000o\000c\000u\000m\000e\000n\000t\000a\000t\000i\000o\000n}{section.3.63}% 72
\BOOKMARK [3][-]{subsubsection.3.63.1.1}{\376\377\0003\000.\0006\0003\000.\0001\000.\0001\000\040\000c\000o\000m\000p\000a\000r\000e\000V\000e\000r\000s\000i\000o\000n\000:\000t\000o\000V\000e\000r\000s\000i\000o\000n\000:\000\050\000\051\000\040\000[\0001\000/\0004\000]}{subsection.3.63.1}% 73
\BOOKMARK [3][-]{subsubsection.3.63.1.2}{\376\377\0003\000.\0006\0003\000.\0001\000.\0002\000\040\000c\000o\000m\000p\000a\000r\000e\000V\000e\000r\000s\000i\000o\000n\000:\000t\000o\000V\000e\000r\000s\000i\000o\000n\000:\000\050\000\051\000\040\000[\0002\000/\0004\000]}{subsection.3.63.1}% 74
\BOOKMARK [3][-]{subsubsection.3.63.1.3}{\376\377\0003\000.\0006\0003\000.\0001\000.\0003\000\040\000c\000o\000m\000p\000a\000r\000e\000V\000e\000r\000s\000i\000o\000n\000:\000t\000o\000V\000e\000r\000s\000i\000o\000n\000:\000\050\000\051\000\040\000[\0003\000/\0004\000]}{subsection.3.63.1}% 75
\BOOKMARK [3][-]{subsubsection.3.63.1.4}{\376\377\0003\000.\0006\0003\000.\0001\000.\0004\000\040\000c\000o\000m\000p\000a\000r\000e\000V\000e\000r\000s\000i\000o\000n\000:\000t\000o\000V\000e\000r\000s\000i\000o\000n\000:\000\050\000\051\000\040\000[\0004\000/\0004\000]}{subsection.3.63.1}% 76
\BOOKMARK [1][-]{section.3.64}{\376\377\0003\000.\0006\0004\000\040\000S\000U\000V\000e\000r\000s\000i\000o\000n\000C\000o\000m\000p\000a\000r\000i\000s\000o\000n\000T\000e\000s\000t\000\040\000C\000l\000a\000s\000s\000\040\000R\000e\000f\000e\000r\000e\000n\000c\000e}{chapter.3}% 77
\BOOKMARK [1][-]{section.3.65}{\376\377\0003\000.\0006\0005\000\040\000S\000U\000W\000i\000n\000d\000o\000w\000C\000o\000n\000t\000r\000o\000l\000l\000e\000r\000\040\000C\000l\000a\000s\000s\000\040\000R\000e\000f\000e\000r\000e\000n\000c\000e}{chapter.3}% 78
\BOOKMARK [1][-]{section.3.66}{\376\377\0003\000.\0006\0006\000\040\000T\000e\000r\000m\000i\000n\000a\000t\000i\000o\000n\000L\000i\000s\000t\000e\000n\000e\000r\000\040\000C\000l\000a\000s\000s\000\040\000R\000e\000f\000e\000r\000e\000n\000c\000e}{chapter.3}% 79
\BOOKMARK [0][-]{section*.152}{\376\377\000I\000n\000d\000e\000x}{}% 80
